/*C1*/SET SCHEMA SYSTEM_LOBS
INSERT INTO BLOCKS VALUES(0,2147483647,0)
COMMIT
/*C2*/SET SCHEMA PUBLIC
CREATE TABLE  myrecord (\u000a   id INT  NOT NULL IDENTITY,\u000a   distance FLOAT,\u000a   date DATE,  \u000a   time FLOAT,\u000a   id_user INT NOT NULL,  \u000a   PRIMARY KEY (id)   \u000a)
INSERT INTO MYRECORD VALUES(1,3.5E0,'2019-01-19',16.5E0,1)
COMMIT
INSERT INTO MYRECORD VALUES(2,2.5E0,'2019-01-18',10.5E0,1)
COMMIT
INSERT INTO MYRECORD VALUES(3,3.5E0,'2019-01-19',16.5E0,1)
COMMIT
INSERT INTO MYRECORD VALUES(4,2.5E0,'2019-01-18',10.5E0,1)
COMMIT
DELETE FROM MYRECORD WHERE ID=1
DELETE FROM MYRECORD WHERE ID=2
DELETE FROM MYRECORD WHERE ID=3
DELETE FROM MYRECORD WHERE ID=4
COMMIT
INSERT INTO MYRECORD VALUES(1,3.5E0,'2019-01-17',16.5E0,1)
COMMIT
INSERT INTO MYRECORD VALUES(2,2.5E0,'2019-01-18',10.5E0,1)
COMMIT
INSERT INTO MYRECORD VALUES(3,3.5E0,'2019-01-19',16.5E0,1)
COMMIT
INSERT INTO MYRECORD VALUES(4,2.5E0,'2019-01-20',10.5E0,1)
COMMIT
INSERT INTO MYRECORD VALUES(5,3.5E0,'2019-01-21',16.5E0,1)
COMMIT
INSERT INTO MYRECORD VALUES(6,2.5E0,'2019-01-22',10.5E0,1)
COMMIT
INSERT INTO MYRECORD VALUES(7,3.5E0,'2019-01-23',16.5E0,1)
COMMIT
INSERT INTO MYRECORD VALUES(8,2.5E0,'2019-01-24',10.5E0,1)
COMMIT
INSERT INTO MYRECORD VALUES(9,3.5E0,'2019-01-25',16.5E0,1)
COMMIT
INSERT INTO MYRECORD VALUES(10,2.5E0,'2019-01-26',10.5E0,1)
COMMIT
INSERT INTO MYRECORD VALUES(11,3.5E0,'2019-01-27',16.5E0,1)
COMMIT
INSERT INTO MYRECORD VALUES(12,2.5E0,'2019-01-28',10.5E0,1)
COMMIT
INSERT INTO MYRECORD VALUES(13,3.5E0,'2019-01-29',16.5E0,1)
COMMIT
INSERT INTO MYRECORD VALUES(14,2.5E0,'2019-01-30',10.5E0,1)
COMMIT
DISCONNECT
